#
# There is insufficient memory for the Java Runtime Environment to continue.
# Native memory allocation (mmap) failed to map 257949696 bytes for G1 virtual space
# Possible reasons:
#   The system is out of physical RAM or swap space
#   The process is running with CompressedOops enabled, and the Java Heap may be blocking the growth of the native heap
# Possible solutions:
#   Reduce memory load on the system
#   Increase physical memory or swap space
#   Check if swap backing store is full
#   Decrease Java heap size (-Xmx/-Xms)
#   Decrease number of Java threads
#   Decrease Java thread stack sizes (-Xss)
#   Set larger code cache with -XX:ReservedCodeCacheSize=
#   JVM is running with Zero Based Compressed Oops mode in which the Java heap is
#     placed in the first 32GB address space. The Java Heap base address is the
#     maximum limit for the native heap growth. Please use -XX:HeapBaseMinAddress
#     to set the Java Heap base and to place the Java Heap above 32GB virtual address.
# This output file may be truncated or incomplete.
#
#  Out of Memory Error (os_windows.cpp:3528), pid=15396, tid=24484
#
# JRE version:  (20.0.1+9) (build )
# Java VM: Java HotSpot(TM) 64-Bit Server VM (20.0.1+9-29, mixed mode, sharing, tiered, compressed oops, compressed class ptrs, g1 gc, windows-amd64)
# No core dump will be written. Minidumps are not enabled by default on client versions of Windows
#

---------------  S U M M A R Y ------------

Command Line: -javaagent:C:\Program Files\JetBrains\IntelliJ IDEA Community Edition 2023.1\lib\idea_rt.jar=64716:C:\Program Files\JetBrains\IntelliJ IDEA Community Edition 2023.1\bin -Dfile.encoding=UTF-8 -Dsun.stdout.encoding=UTF-8 -Dsun.stderr.encoding=UTF-8 Main

Host: AMD Ryzen 7 4700U with Radeon Graphics         , 8 cores, 15G,  Windows 10 , 64 bit Build 19041 (10.0.19041.2788)
Time: Sun Jun 11 20:52:06 2023  Windows 10 , 64 bit Build 19041 (10.0.19041.2788) elapsed time: 0.012073 seconds (0d 0h 0m 0s)

---------------  T H R E A D  ---------------

Current thread (0x00000215c3b0dc50):  JavaThread "Unknown thread" [_thread_in_vm, id=24484, stack(0x000000172c900000,0x000000172ca00000)]

Stack: [0x000000172c900000,0x000000172ca00000]
Native frames: (J=compiled Java code, j=interpreted, Vv=VM code, C=native code)
V  [jvm.dll+0x6bb95a]
V  [jvm.dll+0x8485fa]
V  [jvm.dll+0x84a1f5]
V  [jvm.dll+0x84a8f3]
V  [jvm.dll+0x280b0f]
V  [jvm.dll+0x6b86e9]
V  [jvm.dll+0x6ad2da]
V  [jvm.dll+0x35adf5]
V  [jvm.dll+0x363016]
V  [jvm.dll+0x3b3b3e]
V  [jvm.dll+0x3b3dc5]
V  [jvm.dll+0x32b50a]
V  [jvm.dll+0x32c32b]
V  [jvm.dll+0x8112bf]
V  [jvm.dll+0x3c0d91]
V  [jvm.dll+0x7fcfe3]
V  [jvm.dll+0x44c76f]
V  [jvm.dll+0x44e0e1]
C  [jli.dll+0x5287]
C  [ucrtbase.dll+0x21bb2]
C  [KERNEL32.DLL+0x17604]
C  [ntdll.dll+0x526a1]


---------------  P R O C E S S  ---------------

Threads class SMR info:
_java_thread_list=0x00007ffd57c3a098, length=0, elements={
}

Java Threads: ( => current thread )

Other Threads:
  0x00000215c3b7b2c0 WorkerThread "GC Thread#0" [stack: 0x000000172ca00000,0x000000172cb00000] [id=15568]
  0x00000215c3b8b940 ConcurrentGCThread "G1 Main Marker" [stack: 0x000000172cb00000,0x000000172cc00000] [id=22508]
  0x00000215c3b8cb10 WorkerThread "G1 Conc#0" [stack: 0x000000172cc00000,0x000000172cd00000] [id=23564]

[error occurred during error reporting (printing all threads), id 0xc0000005, EXCEPTION_ACCESS_VIOLATION (0xc0000005) at pc=0x00007ffd5741eb47]
VM state: not at safepoint (not fully initialized)

VM Mutex/Monitor currently owned by a thread:  ([mutex/lock_event])
[0x00000215c3b07590] Heap_lock - owner thread: 0x00000215c3b0dc50

Heap address: 0x000000070a200000, size: 3934 MB, Compressed Oops mode: Zero based, Oop shift amount: 3

CDS archive(s) mapped at: [0x0000000000000000-0x0000000000000000-0x0000000000000000), size 0, SharedBaseAddress: 0x0000000800000000, ArchiveRelocationMode: 0.
Narrow klass base: 0x0000000000000000, Narrow klass shift: 0, Narrow klass range: 0x0

GC Precious Log:
 CardTable entry size: 512
 Card Set container configuration: InlinePtr #cards 4 size 8 Array Of Cards #cards 16 size 48 Howl #buckets 8 coarsen threshold 3686 Howl Bitmap #cards 512 size 80 coarsen threshold 460 Card regions per heap region 1 cards per card region 4096

Heap:
 garbage-first heap   total 0K, used 0K [0x000000070a200000, 0x0000000800000000)
  region size 2048K, 0 young (0K), 0 survivors (0K)

[error occurred during error reporting (printing heap information), id 0xc0000005, EXCEPTION_ACCESS_VIOLATION (0xc0000005) at pc=0x00007ffd577f3c59]
GC Heap History (0 events):
No events

Dll operation events (1 events):
Event: 0.007 Loaded shared library C:\Program Files\Java\jdk-20\bin\java.dll

Deoptimization events (0 events):
No events

Classes loaded (0 events):
No events

Classes unloaded (0 events):
No events

Classes redefined (0 events):
No events

Internal exceptions (0 events):
No events

VM Operations (0 events):
No events

Events (0 events):
No events


Dynamic libraries:
0x00007ff751c20000 - 0x00007ff751c30000 	C:\Program Files\Java\jdk-20\bin\java.exe
0x00007ffdd2bf0000 - 0x00007ffdd2de8000 	C:\Windows\SYSTEM32\ntdll.dll
0x00007ffdd2910000 - 0x00007ffdd29cf000 	C:\Windows\System32\KERNEL32.DLL
0x00007ffdd06d0000 - 0x00007ffdd09aa000 	C:\Windows\System32\KERNELBASE.dll
0x00007ffdd0390000 - 0x00007ffdd0490000 	C:\Windows\System32\ucrtbase.dll
0x00007ffdc8610000 - 0x00007ffdc862b000 	C:\Program Files\Java\jdk-20\bin\VCRUNTIME140.dll
0x00007ffdcbcd0000 - 0x00007ffdcbce9000 	C:\Program Files\Java\jdk-20\bin\jli.dll
0x00007ffdd2a30000 - 0x00007ffdd2ade000 	C:\Windows\System32\ADVAPI32.dll
0x00007ffdd2870000 - 0x00007ffdd290e000 	C:\Windows\System32\msvcrt.dll
0x00007ffdd1c60000 - 0x00007ffdd1cfc000 	C:\Windows\System32\sechost.dll
0x00007ffdd1930000 - 0x00007ffdd1a56000 	C:\Windows\System32\RPCRT4.dll
0x00007ffdd0df0000 - 0x00007ffdd0f8d000 	C:\Windows\System32\USER32.dll
0x00007ffdd0ac0000 - 0x00007ffdd0ae2000 	C:\Windows\System32\win32u.dll
0x00007ffdba310000 - 0x00007ffdba5aa000 	C:\Windows\WinSxS\amd64_microsoft.windows.common-controls_6595b64144ccf1df_6.0.19041.1110_none_60b5254171f9507e\COMCTL32.dll
0x00007ffdd1d00000 - 0x00007ffdd1d2b000 	C:\Windows\System32\GDI32.dll
0x00007ffdd09b0000 - 0x00007ffdd0ac0000 	C:\Windows\System32\gdi32full.dll
0x00007ffdd0570000 - 0x00007ffdd060d000 	C:\Windows\System32\msvcp_win.dll
0x00007ffdc7ab0000 - 0x00007ffdc7aba000 	C:\Windows\SYSTEM32\VERSION.dll
0x00007ffdd1870000 - 0x00007ffdd18a0000 	C:\Windows\System32\IMM32.DLL
0x00007ffdccf10000 - 0x00007ffdccf1c000 	C:\Program Files\Java\jdk-20\bin\vcruntime140_1.dll
0x00007ffdb80a0000 - 0x00007ffdb812e000 	C:\Program Files\Java\jdk-20\bin\msvcp140.dll
0x00007ffd570e0000 - 0x00007ffd57d77000 	C:\Program Files\Java\jdk-20\bin\server\jvm.dll
0x00007ffdc7a30000 - 0x00007ffdc7a57000 	C:\Windows\SYSTEM32\WINMM.dll
0x00007ffdb8410000 - 0x00007ffdb8419000 	C:\Windows\SYSTEM32\WSOCK32.dll
0x00007ffdd1bf0000 - 0x00007ffdd1c5b000 	C:\Windows\System32\WS2_32.dll
0x00007ffdce1a0000 - 0x00007ffdce1b2000 	C:\Windows\SYSTEM32\kernel.appcore.dll
0x00007ffdcbca0000 - 0x00007ffdcbcaa000 	C:\Program Files\Java\jdk-20\bin\jimage.dll
0x00007ffdbe220000 - 0x00007ffdbe404000 	C:\Windows\SYSTEM32\DBGHELP.DLL
0x00007ffdb6850000 - 0x00007ffdb6884000 	C:\Windows\SYSTEM32\dbgcore.DLL
0x00007ffdd0300000 - 0x00007ffdd0382000 	C:\Windows\System32\bcryptPrimitives.dll
0x00007ffdca760000 - 0x00007ffdca76e000 	C:\Program Files\Java\jdk-20\bin\instrument.dll
0x00007ffdbdec0000 - 0x00007ffdbdee6000 	C:\Program Files\Java\jdk-20\bin\java.dll

dbghelp: loaded successfully - version: 4.0.5 - missing functions: none
symbol engine: initialized successfully - sym options: 0x614 - pdb path: .;C:\Program Files\Java\jdk-20\bin;C:\Windows\SYSTEM32;C:\Windows\WinSxS\amd64_microsoft.windows.common-controls_6595b64144ccf1df_6.0.19041.1110_none_60b5254171f9507e;C:\Program Files\Java\jdk-20\bin\server

VM Arguments:
jvm_args: -javaagent:C:\Program Files\JetBrains\IntelliJ IDEA Community Edition 2023.1\lib\idea_rt.jar=64716:C:\Program Files\JetBrains\IntelliJ IDEA Community Edition 2023.1\bin -Dfile.encoding=UTF-8 -Dsun.stdout.encoding=UTF-8 -Dsun.stderr.encoding=UTF-8 
java_command: Main
java_class_path (initial): C:\Users\HOME\IdeaProjects\lesson10.Collection\out\production\lesson10.Collection
Launcher Type: SUN_STANDARD

[Global flags]
     intx CICompilerCount                          = 4                                         {product} {ergonomic}
     uint ConcGCThreads                            = 2                                         {product} {ergonomic}
     uint G1ConcRefinementThreads                  = 8                                         {product} {ergonomic}
   size_t G1HeapRegionSize                         = 2097152                                   {product} {ergonomic}
    uintx GCDrainStackTargetSize                   = 64                                        {product} {ergonomic}
   size_t InitialHeapSize                          = 257949696                                 {product} {ergonomic}
   size_t MarkStackSize                            = 4194304                                   {product} {ergonomic}
   size_t MaxHeapSize                              = 4125097984                                {product} {ergonomic}
   size_t MinHeapDeltaBytes                        = 2097152                                   {product} {ergonomic}
   size_t MinHeapSize                              = 8388608                                   {product} {ergonomic}
    uintx NonNMethodCodeHeapSize                   = 5839372                                {pd product} {ergonomic}
    uintx NonProfiledCodeHeapSize                  = 122909434                              {pd product} {ergonomic}
    uintx ProfiledCodeHeapSize                     = 122909434                              {pd product} {ergonomic}
    uintx ReservedCodeCacheSize                    = 251658240                              {pd product} {ergonomic}
     bool SegmentedCodeCache                       = true                                      {product} {ergonomic}
   size_t SoftMaxHeapSize                          = 4125097984                             {manageable} {ergonomic}
     bool UseCompressedClassPointers               = true                           {product lp64_product} {ergonomic}
     bool UseCompressedOops                        = true                           {product lp64_product} {ergonomic}
     bool UseG1GC                                  = true                                      {product} {ergonomic}
     bool UseLargePagesIndividualAllocation        = false                                  {pd product} {ergonomic}

Logging:
Log output configuration:
 #0: stdout all=warning uptime,level,tags foldmultilines=false
 #1: stderr all=off uptime,level,tags foldmultilines=false

Environment Variables:
JAVA_HOME=C:\Program Files\Java\jdk-20
PATH=C:\Program Files\Common Files\Oracle\Java\javapath;C:\Program Files (x86)\VMware\VMware Player\bin\;C:\Python39\Scripts\;C:\Python39\;C:\Windows\system32;C:\Windows;C:\Windows\System32\Wbem;C:\Windows\System32\WindowsPowerShell\v1.0\;C:\Windows\System32\OpenSSH\;C:\Program Files (x86)\PICT\;C:\Program Files\Git\cmd;C:\Program Files\Azure Data Studio\bin;C:\Program Files (x86)\Microsoft SQL Server\150\DTS\Binn\;C:\Program Files\Microsoft SQL Server\Client SDK\ODBC\170\Tools\Binn\;C:\Program Files (x86)\Microsoft SQL Server\150\Tools\Binn\;C:\Program Files\Microsoft SQL Server\150\Tools\Binn\;C:\Program Files\Microsoft SQL Server\150\DTS\Binn\;C:\ProgramData\chocolatey\bin;C:\Program Files\nodejs\;C:\Program Files\Java\jdk1.8.0_301\bin;C:\Program Files\Maven\apache-maven-3.9.1\bin;C:\Program Files\Java\jdk-20\bin;C:\Program Files\Java\jdk-20\bin;C:\Users\HOME\AppData\Local\Microsoft\WindowsApps;C:\Program Files\Azure Data Studio\bin;C:\Users\HOME\AppData\Roaming\npm;C:\Users\HOME\AppData\Local\Programs\Fiddler;
USERNAME=HOME
OS=Windows_NT
PROCESSOR_IDENTIFIER=AMD64 Family 23 Model 96 Stepping 1, AuthenticAMD
TMP=C:\Users\HOME\AppData\Local\Temp
TEMP=C:\Users\HOME\AppData\Local\Temp




---------------  S Y S T E M  ---------------

OS:
 Windows 10 , 64 bit Build 19041 (10.0.19041.2788)
OS uptime: 6 days 1:41 hours

CPU: total 8 (initial active 8) (8 cores per cpu, 1 threads per core) family 23 model 96 stepping 1 microcode 0x0, cx8, cmov, fxsr, mmx, 3dnowpref, sse, sse2, sse3, ssse3, sse4a, sse4.1, sse4.2, popcnt, lzcnt, tsc, tscinvbit, avx, avx2, aes, clmul, bmi1, bmi2, adx, sha, fma, vzeroupper, clflush, clflushopt, rdtscp, rdpid, f16c

Memory: 4k page, system-wide physical 15733M (3441M free)
TotalPageFile size 15733M (AvailPageFile size 250M)
current process WorkingSet (physical memory assigned to process): 10M, peak: 10M
current process commit charge ("private bytes"): 60M, peak: 306M

vm_info: Java HotSpot(TM) 64-Bit Server VM (20.0.1+9-29) for windows-amd64 JRE (20.0.1+9-29), built on 2023-03-07T13:56:11Z by "mach5one" with MS VC++ 17.1 (VS2022)

END.
